voiceRecognitionDemo/build/outputs/logs/manifest-merger-debug-report.txt
-- Merging decision tree log ---
manifest
ADDED from src\main\AndroidManifest.xml:2:1-112:12
	package
		ADDED from src\main\AndroidManifest.xml:3:5-42
		INJECTED from src\main\AndroidManifest.xml
		INJECTED from src\main\AndroidManifest.xml
	android:versionName
		ADDED from src\main\AndroidManifest.xml:5:5-34
	android:versionCode
		ADDED from src\main\AndroidManifest.xml:4:5-35
		INJECTED from src\main\AndroidManifest.xml
		INJECTED from src\main\AndroidManifest.xml
	xmlns:android
		ADDED from src\main\AndroidManifest.xml:2:11-69
uses-sdk
ADDED from src\main\AndroidManifest.xml:7:5-9:41
MERGED from [com.android.support:support-v4:20.0.0] AndroidManifest.xml:16:5-42
	android:targetSdkVersion
		ADDED from src\main\AndroidManifest.xml:9:9-38
		INJECTED from src\main\AndroidManifest.xml
		INJECTED from src\main\AndroidManifest.xml
	android:minSdkVersion
		ADDED from src\main\AndroidManifest.xml:8:9-34
		INJECTED from src\main\AndroidManifest.xml
		INJECTED from src\main\AndroidManifest.xml
uses-permission#android.permission.RECORD_AUDIO
ADDED from src\main\AndroidManifest.xml:11:5-71
	android:name
		ADDED from src\main\AndroidManifest.xml:11:22-68
uses-permission#android.permission.ACCESS_NETWORK_STATE
ADDED from src\main\AndroidManifest.xml:12:5-79
	android:name
		ADDED from src\main\AndroidManifest.xml:12:22-76
uses-permission#android.permission.WRITE_EXTERNAL_STORAGE
ADDED from src\main\AndroidManifest.xml:13:5-81
	android:name
		ADDED from src\main\AndroidManifest.xml:13:22-78
uses-permission#android.permission.WRITE_SETTINGS
ADDED from src\main\AndroidManifest.xml:14:5-73
	android:name
		ADDED from src\main\AndroidManifest.xml:14:22-70
uses-permission#android.permission.INTERNET
ADDED from src\main\AndroidManifest.xml:15:5-67
	android:name
		ADDED from src\main\AndroidManifest.xml:15:22-64
uses-permission#android.permission.READ_PHONE_STATE
ADDED from src\main\AndroidManifest.xml:16:5-75
	android:name
		ADDED from src\main\AndroidManifest.xml:16:22-72
uses-permission#android.permission.WAKE_LOCK
ADDED from src\main\AndroidManifest.xml:17:5-68
	android:name
		ADDED from src\main\AndroidManifest.xml:17:22-65
uses-permission#android.permission.ACCESS_FINE_LOCATION
ADDED from src\main\AndroidManifest.xml:18:5-79
	android:name
		ADDED from src\main\AndroidManifest.xml:18:22-76
uses-permission#android.permission.ACCESS_COARSE_LOCATION
ADDED from src\main\AndroidManifest.xml:19:5-81
	android:name
		ADDED from src\main\AndroidManifest.xml:19:22-78
uses-permission#android.permission.ACCESS_WIFI_STATE
ADDED from src\main\AndroidManifest.xml:20:5-76
	android:name
		ADDED from src\main\AndroidManifest.xml:20:22-73
uses-permission#android.permission.MODIFY_AUDIO_SETTINGS
ADDED from src\main\AndroidManifest.xml:22:5-80
	android:name
		ADDED from src\main\AndroidManifest.xml:22:22-77
uses-permission#android.permission.BROADCAST_STICKY
ADDED from src\main\AndroidManifest.xml:24:5-75
	android:name
		ADDED from src\main\AndroidManifest.xml:24:22-72
uses-permission#android.permission.BLUETOOTH
ADDED from src\main\AndroidManifest.xml:26:5-68
	android:name
		ADDED from src\main\AndroidManifest.xml:26:22-65
application
ADDED from src\main\AndroidManifest.xml:28:5-110:19
MERGED from [com.android.support:support-v4:20.0.0] AndroidManifest.xml:17:5-19
	android:label
		ADDED from src\main\AndroidManifest.xml:30:9-41
	android:icon
		ADDED from src\main\AndroidManifest.xml:29:9-45
meta-data#com.baidu.lbsapi.API_KEY
ADDED from src\main\AndroidManifest.xml:31:9-33:56
	android:value
		ADDED from src\main\AndroidManifest.xml:33:13-53
	android:name
		ADDED from src\main\AndroidManifest.xml:32:13-52
activity#com.baidu.android.voicedemo.VoiceRecognitionDemoActivity
ADDED from src\main\AndroidManifest.xml:35:9-45:20
	android:screenOrientation
		ADDED from src\main\AndroidManifest.xml:39:13-49
	android:label
		ADDED from src\main\AndroidManifest.xml:38:13-45
	android:configChanges
		ADDED from src\main\AndroidManifest.xml:37:13-63
	android:name
		ADDED from src\main\AndroidManifest.xml:36:13-57
intent-filter#android.intent.action.MAIN+android.intent.category.LAUNCHER
ADDED from src\main\AndroidManifest.xml:40:13-44:29
action#android.intent.action.MAIN
ADDED from src\main\AndroidManifest.xml:41:17-69
	android:name
		ADDED from src\main\AndroidManifest.xml:41:25-66
category#android.intent.category.LAUNCHER
ADDED from src\main\AndroidManifest.xml:43:17-77
	android:name
		ADDED from src\main\AndroidManifest.xml:43:27-74
activity#com.baidu.android.voicedemo.SettingActivity
ADDED from src\main\AndroidManifest.xml:46:9-48:47
	android:label
		ADDED from src\main\AndroidManifest.xml:48:13-44
	android:name
		ADDED from src\main\AndroidManifest.xml:47:13-71
activity#com.baidu.android.voicedemo.NLUDemoActivity
ADDED from src\main\AndroidManifest.xml:49:9-60:20
	android:screenOrientation
		ADDED from src\main\AndroidManifest.xml:54:13-49
	android:label
		ADDED from src\main\AndroidManifest.xml:53:13-55
	android:configChanges
		ADDED from src\main\AndroidManifest.xml:51:13-76
	android:description
		ADDED from src\main\AndroidManifest.xml:52:13-60
	android:name
		ADDED from src\main\AndroidManifest.xml:50:13-71
intent-filter#android.intent.action.MAIN+baidu.voicedemo.intent.category.SAMPLE_CODE
ADDED from src\main\AndroidManifest.xml:55:13-59:29
category#baidu.voicedemo.intent.category.SAMPLE_CODE
ADDED from src\main\AndroidManifest.xml:58:17-88
	android:name
		ADDED from src\main\AndroidManifest.xml:58:27-85
activity#com.baidu.android.voicedemo.DialogTipsDemoActivity
ADDED from src\main\AndroidManifest.xml:61:9-72:20
	android:screenOrientation
		ADDED from src\main\AndroidManifest.xml:66:13-49
	android:label
		ADDED from src\main\AndroidManifest.xml:64:13-63
	android:launchMode
		ADDED from src\main\AndroidManifest.xml:65:13-43
	android:configChanges
		ADDED from src\main\AndroidManifest.xml:63:13-76
	android:name
		ADDED from src\main\AndroidManifest.xml:62:13-78
activity#com.baidu.android.voicedemo.ExternalAudioDemoActivity
ADDED from src\main\AndroidManifest.xml:73:9-84:20
	android:screenOrientation
		ADDED from src\main\AndroidManifest.xml:78:13-49
	android:label
		ADDED from src\main\AndroidManifest.xml:77:13-60
	android:configChanges
		ADDED from src\main\AndroidManifest.xml:75:13-76
	android:description
		ADDED from src\main\AndroidManifest.xml:76:13-65
	android:name
		ADDED from src\main\AndroidManifest.xml:74:13-81
activity#com.baidu.android.voicedemo.ApiDemoActivity
ADDED from src\main\AndroidManifest.xml:85:9-96:20
	android:screenOrientation
		ADDED from src\main\AndroidManifest.xml:90:13-49
	android:label
		ADDED from src\main\AndroidManifest.xml:89:13-55
	android:configChanges
		ADDED from src\main\AndroidManifest.xml:87:13-76
	android:description
		ADDED from src\main\AndroidManifest.xml:88:13-60
	android:name
		ADDED from src\main\AndroidManifest.xml:86:13-71
activity#com.baidu.android.voicedemo.DemoListActivity
ADDED from src\main\AndroidManifest.xml:97:9-100:52
	android:screenOrientation
		ADDED from src\main\AndroidManifest.xml:100:13-49
	android:configChanges
		ADDED from src\main\AndroidManifest.xml:99:13-85
	android:name
		ADDED from src\main\AndroidManifest.xml:98:13-72
service#com.baidu.location.f
ADDED from src\main\AndroidManifest.xml:102:9-109:19
	android:enabled
		ADDED from src\main\AndroidManifest.xml:104:13-35
	android:process
		ADDED from src\main\AndroidManifest.xml:105:13-38
	android:name
		ADDED from src\main\AndroidManifest.xml:103:13-48
intent-filter#com.baidu.android.speech.demo.location.service
ADDED from src\main\AndroidManifest.xml:106:13-108:29
action#com.baidu.android.speech.demo.location.service
ADDED from src\main\AndroidManifest.xml:107:17-89
	android:name
		ADDED from src\main\AndroidManifest.xml:107:25-86